<?xml version="1.0" encoding="UTF-8"?>
<!-- Generated by org.testng.reporters.JUnitReportReporter -->
<testsuite skipped="0" hostname="CBT-MH-000" name="API.Bangalore" tests="1" failures="0" timestamp="2019-10-31T12:28:14 IST" time="6.131" errors="0">
  <testcase name="tweet" time="6.131" classname="API.Bangalore"/>
</testsuite> <!-- API.Bangalore -->
