<?xml version="1.0" encoding="UTF-8"?>
<!-- Generated by org.testng.reporters.JUnitReportReporter -->
<testsuite skipped="0" hostname="CBT-MH-000" name="API.Twitter3" tests="1" failures="0" timestamp="2019-10-29T11:56:25 IST" time="4.282" errors="0">
  <testcase name="tweet" time="4.282" classname="API.Twitter3"/>
</testsuite> <!-- API.Twitter3 -->
