<?xml version="1.0" encoding="UTF-8"?>
<!-- Generated by org.testng.reporters.JUnitReportReporter -->
<testsuite skipped="0" hostname="CBT-MH-000" name="API.Blocklist" tests="1" failures="0" timestamp="2019-10-29T10:21:09 IST" time="5.194" errors="0">
  <testcase name="tweet" time="5.194" classname="API.Blocklist"/>
</testsuite> <!-- API.Blocklist -->
