<?xml version="1.0" encoding="UTF-8"?>
<!-- Generated by org.testng.reporters.JUnitReportReporter -->
<testsuite skipped="0" hostname="CBT-MH-000" name="API.Twitter1" tests="1" failures="0" timestamp="2019-10-31T13:02:02 IST" time="5.118" errors="0">
  <testcase name="tweet" time="5.118" classname="API.Twitter1"/>
</testsuite> <!-- API.Twitter1 -->
