<?xml version="1.0" encoding="UTF-8"?>
<!-- Generated by org.testng.reporters.JUnitReportReporter -->
<testsuite skipped="0" hostname="CBT-MH-000" name="API.NameWithTweets" tests="1" failures="0" timestamp="2019-10-29T10:18:15 IST" time="5.681" errors="0">
  <testcase name="tweet" time="5.681" classname="API.NameWithTweets"/>
</testsuite> <!-- API.NameWithTweets -->
