<?xml version="1.0" encoding="UTF-8"?>
<!-- Generated by org.testng.reporters.JUnitReportReporter -->
<testsuite skipped="0" hostname="CBT-MH-000" name="net.PHPTravels.PHPTravels.browser" tests="1" failures="0" timestamp="2019-10-31T10:20:38 IST" time="13.019" errors="0">
  <testcase name="Login" time="13.019" classname="net.PHPTravels.PHPTravels.browser"/>
</testsuite> <!-- net.PHPTravels.PHPTravels.browser -->
