<?xml version="1.0" encoding="UTF-8"?>
<!-- Generated by org.testng.reporters.JUnitReportReporter -->
<testsuite skipped="0" hostname="CBT-MH-000" name="API.Twitter2" tests="1" failures="0" timestamp="2019-10-31T12:18:13 IST" time="5.882" errors="0">
  <testcase name="tweet" time="5.882" classname="API.Twitter2"/>
</testsuite> <!-- API.Twitter2 -->
