<?xml version="1.0" encoding="UTF-8"?>
<!-- Generated by org.testng.reporters.JUnitReportReporter -->
<testsuite skipped="0" hostname="CBT-MH-000" name="API.Weather" tests="1" failures="0" timestamp="2019-10-31T12:16:25 IST" time="7.663" errors="0">
  <testcase name="tweet" time="7.663" classname="API.Weather"/>
</testsuite> <!-- API.Weather -->
