<?xml version="1.0" encoding="UTF-8"?>
<!-- Generated by org.testng.reporters.JUnitReportReporter -->
<testsuite skipped="0" hostname="CBT-MH-000" name="net.PHPTravels.PHPTravels.HotelBookingSearch" tests="1" failures="0" timestamp="2019-10-31T10:21:56 IST" time="37.112" errors="0">
  <testcase name="HotelBookingSearch" time="37.112" classname="net.PHPTravels.PHPTravels.HotelBookingSearch"/>
</testsuite> <!-- net.PHPTravels.PHPTravels.HotelBookingSearch -->
